<?xml version="1.0" encoding="UTF-8"?>
<!-- Generated by org.testng.reporters.JUnitReportReporter -->
<testsuite hostname="Johnte" failures="0" tests="1" name="org.selenium.tests.NavigationTest" time="9.449" errors="0" timestamp="2023-06-11T12:28:54 EAT" skipped="0">
  <testcase classname="org.selenium.tests.NavigationTest" name="navigateFromHomeToStoreUsingMainMenu" time="9.449"/>
  <system-out/>
</testsuite> <!-- org.selenium.tests.NavigationTest -->
