<?xml version="1.0" encoding="UTF-8"?>
<!-- Generated by org.testng.reporters.JUnitReportReporter -->
<testsuite hostname="Johnte" failures="0" tests="1" name="org.selenium.tests.SearchTest" time="9.480" errors="0" timestamp="2023-06-11T12:28:54 EAT" skipped="0">
  <testcase classname="org.selenium.tests.SearchTest" name="searchWithPartialMatch" time="9.480"/>
  <system-out/>
</testsuite> <!-- org.selenium.tests.SearchTest -->
