<?xml version="1.0" encoding="UTF-8"?>
<!-- Generated by org.testng.reporters.JUnitReportReporter -->
<testsuite hostname="Johnte" failures="0" tests="1" name="org.selenium.tests.Test2" time="43.343" errors="0" timestamp="2023-05-23T09:02:17 EAT" skipped="0">
  <testcase classname="org.selenium.tests.Test2" name="checkoutAndLogin" time="43.343"/>
  <system-out/>
</testsuite> <!-- org.selenium.tests.Test2 -->
